<?xml version="1.0" encoding="UTF-8"?>
<!-- Generated by org.testng.reporters.JUnitXMLReporter -->
<testsuite ignored="0" hostname="DESKTOP-9KFSS2G" failures="1" tests="1" name="EdgeTest" time="9.555" errors="0" timestamp="2023-11-16T12:47:01 IST">
  <testcase classname="testCases.TC_001_RegistrationAccountform" name="registrationpageops" time="0.005">
    <failure type="java.lang.Error" message="Unresolved compilation problem: 
	str cannot be resolved to a variable
">
      <![CDATA[java.lang.Error: Unresolved compilation problem: 
str cannot be resolved to a variable

at testCases.TC_001_RegistrationAccountform.registrationpageops(TC_001_RegistrationAccountform.java:36)
at java.base/java.util.ArrayList.forEach(ArrayList.java:1511)
at java.base/java.util.concurrent.FutureTask.run(FutureTask.java:317)
at java.base/java.util.concurrent.ThreadPoolExecutor.runWorker(ThreadPoolExecutor.java:1144)
at java.base/java.util.concurrent.ThreadPoolExecutor$Worker.run(ThreadPoolExecutor.java:642)
at java.base/java.lang.Thread.run(Thread.java:1589)
... Removed 15 stack frames]]>
    </failure>
  </testcase> <!-- registrationpageops -->
</testsuite> <!-- EdgeTest -->
