<?xml version="1.0" encoding="UTF-8"?>
<testng-results ignored="0" total="1" passed="1" failed="0" skipped="0">
  <reporter-output>
  </reporter-output>
  <suite started-at="2023-11-19T15:10:45 IST" name="Surefire suite" finished-at="2023-11-19T15:10:54 IST" duration-ms="8950">
    <groups>
    </groups>
    <test started-at="2023-11-19T15:10:45 IST" name="Surefire test" finished-at="2023-11-19T15:10:54 IST" duration-ms="8950">
      <class name="testCases.TC_001_AccountRegistrationTest">
        <test-method is-config="true" signature="setup()[pri:0, instance:testCases.TC_001_AccountRegistrationTest@3ba9ad43]" started-at="2023-11-19T15:10:45 IST" name="setup" finished-at="2023-11-19T15:10:51 IST" duration-ms="6209" status="PASS">
          <reporter-output>
          </reporter-output>
        </test-method> <!-- setup -->
        <test-method signature="test_account_Registration()[pri:0, instance:testCases.TC_001_AccountRegistrationTest@3ba9ad43]" started-at="2023-11-19T15:10:51 IST" name="test_account_Registration" finished-at="2023-11-19T15:10:54 IST" duration-ms="2439" status="PASS">
          <reporter-output>
          </reporter-output>
        </test-method> <!-- test_account_Registration -->
        <test-method is-config="true" signature="tearDown()[pri:0, instance:testCases.TC_001_AccountRegistrationTest@3ba9ad43]" started-at="2023-11-19T15:10:54 IST" name="tearDown" finished-at="2023-11-19T15:10:54 IST" duration-ms="237" status="PASS">
          <reporter-output>
          </reporter-output>
        </test-method> <!-- tearDown -->
      </class> <!-- testCases.TC_001_AccountRegistrationTest -->
    </test> <!-- Surefire test -->
  </suite> <!-- Surefire suite -->
</testng-results>
