<?xml version="1.0" encoding="UTF-8"?>
<!-- Generated by org.testng.reporters.JUnitXMLReporter -->
<testsuite ignored="0" hostname="DESKTOP-9KFSS2G" failures="1" tests="1" name="opencartTest" time="5.235" errors="0" timestamp="2023-11-16T12:56:17 IST">
  <testcase classname="testCases.TC_001_RegistrationAccountform" name="registrationpageops" time="0.015">
    <failure type="java.lang.Error" message="Unresolved compilation problem: 
	str cannot be resolved to a variable
">
      <![CDATA[java.lang.Error: Unresolved compilation problem: 
str cannot be resolved to a variable

at testCases.TC_001_RegistrationAccountform.registrationpageops(TC_001_RegistrationAccountform.java:36)
at java.base/java.util.ArrayList.forEach(ArrayList.java:1511)
... Removed 25 stack frames]]>
    </failure>
  </testcase> <!-- registrationpageops -->
</testsuite> <!-- opencartTest -->
